0 info it worked if it ends with ok
1 verbose cli [ 'C:\\Program Files\\nodejs\\node.exe',
1 verbose cli   'C:\\Program Files\\nodejs\\node_modules\\npm\\bin\\npm-cli.js',
1 verbose cli   'run',
1 verbose cli   'start' ]
2 info using npm@3.10.10
3 info using node@v6.9.5
4 verbose run-script [ 'prestart', 'start', 'poststart' ]
5 info lifecycle mainPage@1.0.0~prestart: mainPage@1.0.0
6 silly lifecycle mainPage@1.0.0~prestart: no script for prestart, continuing
7 info lifecycle mainPage@1.0.0~start: mainPage@1.0.0
8 verbose lifecycle mainPage@1.0.0~start: unsafe-perm in lifecycle true
9 verbose lifecycle mainPage@1.0.0~start: PATH: C:\Program Files\nodejs\node_modules\npm\bin\node-gyp-bin;D:\react\mainPage\node_modules\.bin;C:\WINDOWS\system32;C:\WINDOWS;C:\WINDOWS\System32\Wbem;C:\WINDOWS\System32\WindowsPowerShell\v1.0\;C:\Program Files (x86)\ATI Technologies\ATI.ACE\Core-Static;C:\Program Files\EmEditor;C:\Program Files\SlikSvn\bin;C:\Program Files\Microsoft SQL Server\110\Tools\Binn\;D:\android\sdk\platform-tools;D:\android\sdk\tools;D:\Java\jdk1.8.0_65\bin;C:\Program Files (x86)\Bitvise Tunnelier;C:\Ruby22-x64\bin;C:\Program Files\Git\cmd;C:\Program Files (x86)\VisualSVN\bin;C:\Program Files\MySQL\MySQL Server 5.5\bin;D:\apache-maven\bin;C:\xampp\php;C:\ProgramData\ComposerSetup\bin;C:\Qt\Qt5.7.0\5.7\mingw53_32\bin;C:\Qt\Qt5.7.0\Tools\mingw530_32\bin;C:\Program Files (x86)\CMake 2.8\bin;C:\Program Files (x86)\Common Files\Thunder Network\KanKan\Codecs;D:\opencv\build\x86\vc10\bin;C:\Program Files\TortoiseGit\bin;D:\Java\jre1.8.0_65\bin;C:\HashiCorp\Vagrant\bin;E:\Virtual Machines\Homestead;C:\Users\Administrator\AppData\Local\Programs\Python\Python36;C:\Users\Administrator\AppData\Local\Programs\Python\Python36\Scripts;C:\Program Files\TortoiseSVN\bin;C:\Program Files\nodejs\;C:\Program Files (x86)\Microsoft VS Code\bin;C:\Users\Administrator\AppData\Local\Programs\Fiddler;C:\Users\Administrator\AppData\Roaming\npm;C:\Users\Administrator\AppData\Local\Programs\nowa-gui-version\resources\app\nodes;C:\Users\Administrator\.nowa-gui\installation\node_modules\.bin;C:\Users\Administrator\AppData\Local\Programs\nowa-gui-version\resources\app\node_modules\.bin
10 verbose lifecycle mainPage@1.0.0~start: CWD: D:\react\mainPage
11 silly lifecycle mainPage@1.0.0~start: Args: [ '/d /s /c', 'nowa server -p 3000 -e index.js' ]
12 silly lifecycle mainPage@1.0.0~start: Returned: code: 3221225786  signal: null
13 info lifecycle mainPage@1.0.0~start: Failed to exec start script
14 verbose stack Error: mainPage@1.0.0 start: `nowa server -p 3000 -e index.js`
14 verbose stack Exit status 3221225786
14 verbose stack     at EventEmitter.<anonymous> (C:\Program Files\nodejs\node_modules\npm\lib\utils\lifecycle.js:255:16)
14 verbose stack     at emitTwo (events.js:106:13)
14 verbose stack     at EventEmitter.emit (events.js:191:7)
14 verbose stack     at ChildProcess.<anonymous> (C:\Program Files\nodejs\node_modules\npm\lib\utils\spawn.js:40:14)
14 verbose stack     at emitTwo (events.js:106:13)
14 verbose stack     at ChildProcess.emit (events.js:191:7)
14 verbose stack     at maybeClose (internal/child_process.js:877:16)
14 verbose stack     at Process.ChildProcess._handle.onexit (internal/child_process.js:226:5)
15 verbose pkgid mainPage@1.0.0
16 verbose cwd D:\react\mainPage
17 error Windows_NT 10.0.10586
18 error argv "C:\\Program Files\\nodejs\\node.exe" "C:\\Program Files\\nodejs\\node_modules\\npm\\bin\\npm-cli.js" "run" "start"
19 error node v6.9.5
20 error npm  v3.10.10
21 error code ELIFECYCLE
22 error mainPage@1.0.0 start: `nowa server -p 3000 -e index.js`
22 error Exit status 3221225786
23 error Failed at the mainPage@1.0.0 start script 'nowa server -p 3000 -e index.js'.
23 error Make sure you have the latest version of node.js and npm installed.
23 error If you do, this is most likely a problem with the mainPage package,
23 error not with npm itself.
23 error Tell the author that this fails on your system:
23 error     nowa server -p 3000 -e index.js
23 error You can get information on how to open an issue for this project with:
23 error     npm bugs mainPage
23 error Or if that isn't available, you can get their info via:
23 error     npm owner ls mainPage
23 error There is likely additional logging output above.
24 verbose exit [ 1, true ]
